BundleManagerDemo08031/app/build/outputs/logs/manifest-merger-debug-report.txt
-- Merging decision tree log ---
manifest
ADDED from src\main\AndroidManifest.xml:2:1-143:12
	package
		ADDED from src\main\AndroidManifest.xml:3:5-41
		INJECTED from src\main\AndroidManifest.xml
		INJECTED from src\main\AndroidManifest.xml
	android:versionName
		ADDED from src\main\AndroidManifest.xml:5:5-30
		INJECTED from src\main\AndroidManifest.xml
		INJECTED from src\main\AndroidManifest.xml
	android:versionCode
		ADDED from src\main\AndroidManifest.xml:4:5-28
		INJECTED from src\main\AndroidManifest.xml
		INJECTED from src\main\AndroidManifest.xml
	xmlns:android
		ADDED from src\main\AndroidManifest.xml:2:11-69
uses-sdk
ADDED from src\main\AndroidManifest.xml:6:5-8:41
MERGED from [com.android.support:support-v4:23.2.1] AndroidManifest.xml:20:5-43
MERGED from [com.android.support:appcompat-v7:23.2.1] AndroidManifest.xml:21:5-23:78
MERGED from [com.android.support:support-v4:23.2.1] AndroidManifest.xml:20:5-43
MERGED from [com.android.support:animated-vector-drawable:23.2.1] AndroidManifest.xml:5:5-44
MERGED from [com.android.support:support-vector-drawable:23.2.1] AndroidManifest.xml:5:5-43
MERGED from [com.android.support:support-v4:23.2.1] AndroidManifest.xml:20:5-43
MERGED from [com.android.support:support-vector-drawable:23.2.1] AndroidManifest.xml:5:5-43
MERGED from [com.android.support:support-v4:23.2.1] AndroidManifest.xml:20:5-43
	tools:overrideLibrary
		ADDED from [com.android.support:appcompat-v7:23.2.1] AndroidManifest.xml:23:9-75
	android:targetSdkVersion
		ADDED from src\main\AndroidManifest.xml:8:9-38
		INJECTED from src\main\AndroidManifest.xml
		INJECTED from src\main\AndroidManifest.xml
	android:minSdkVersion
		ADDED from src\main\AndroidManifest.xml:7:9-34
		INJECTED from src\main\AndroidManifest.xml
		INJECTED from src\main\AndroidManifest.xml
uses-configuration
ADDED from src\main\AndroidManifest.xml:9:5-27
uses-permission#android.permission.ACCESS_NETWORK_STATE
ADDED from src\main\AndroidManifest.xml:11:5-79
	android:name
		ADDED from src\main\AndroidManifest.xml:11:22-76
uses-permission#android.permission.BIND_MIDI_DEVICE_SERVICE
ADDED from src\main\AndroidManifest.xml:12:5-83
	android:name
		ADDED from src\main\AndroidManifest.xml:12:22-80
uses-permission#android.permission.READ_PHONE_STATE
ADDED from src\main\AndroidManifest.xml:13:5-75
	android:name
		ADDED from src\main\AndroidManifest.xml:13:22-72
uses-permission#android.permission.INTERNET
ADDED from src\main\AndroidManifest.xml:14:5-67
	android:name
		ADDED from src\main\AndroidManifest.xml:14:22-64
uses-permission#android.permission.MOUNT_UNMOUNT_FILESYSTEMS
ADDED from src\main\AndroidManifest.xml:15:5-84
	android:name
		ADDED from src\main\AndroidManifest.xml:15:22-81
uses-permission#android.permission.READ_EXTERNAL_STORAGE
ADDED from src\main\AndroidManifest.xml:16:5-80
	android:name
		ADDED from src\main\AndroidManifest.xml:16:22-77
uses-permission#android.permission.WRITE_EXTERNAL_STORAGE
ADDED from src\main\AndroidManifest.xml:17:5-81
	android:name
		ADDED from src\main\AndroidManifest.xml:17:22-78
uses-permission#android.permission.ACCESS_FINE_LOCATION
ADDED from src\main\AndroidManifest.xml:19:5-79
	android:name
		ADDED from src\main\AndroidManifest.xml:19:22-76
application
ADDED from src\main\AndroidManifest.xml:21:5-69:19
MERGED from [com.android.support:support-v4:23.2.1] AndroidManifest.xml:22:5-20
MERGED from [com.android.support:appcompat-v7:23.2.1] AndroidManifest.xml:25:5-20
MERGED from [com.android.support:support-v4:23.2.1] AndroidManifest.xml:22:5-20
MERGED from [com.android.support:animated-vector-drawable:23.2.1] AndroidManifest.xml:7:5-20
MERGED from [com.android.support:support-vector-drawable:23.2.1] AndroidManifest.xml:7:5-20
MERGED from [com.android.support:support-v4:23.2.1] AndroidManifest.xml:22:5-20
MERGED from [com.android.support:support-vector-drawable:23.2.1] AndroidManifest.xml:7:5-20
MERGED from [com.android.support:support-v4:23.2.1] AndroidManifest.xml:22:5-20
	android:label
		ADDED from src\main\AndroidManifest.xml:25:9-41
	android:allowBackup
		ADDED from src\main\AndroidManifest.xml:23:9-36
	android:icon
		ADDED from src\main\AndroidManifest.xml:24:9-45
	android:theme
		ADDED from src\main\AndroidManifest.xml:26:9-40
	android:name
		ADDED from src\main\AndroidManifest.xml:22:9-67
activity#com.apkplug.bundle.manager.MainActivity
ADDED from src\main\AndroidManifest.xml:28:9-35:20
	android:label
		ADDED from src\main\AndroidManifest.xml:30:13-45
	android:name
		ADDED from src\main\AndroidManifest.xml:29:13-67
intent-filter#android.intent.action.MAIN+android.intent.category.LAUNCHER
ADDED from src\main\AndroidManifest.xml:31:13-34:29
action#android.intent.action.MAIN
ADDED from src\main\AndroidManifest.xml:32:17-69
	android:name
		ADDED from src\main\AndroidManifest.xml:32:25-66
category#android.intent.category.LAUNCHER
ADDED from src\main\AndroidManifest.xml:33:17-77
	android:name
		ADDED from src\main\AndroidManifest.xml:33:27-74
meta-data#apkplug_appid
ADDED from src\main\AndroidManifest.xml:41:9-43:47
	android:value
		ADDED from src\main\AndroidManifest.xml:43:13-44
	android:name
		ADDED from src\main\AndroidManifest.xml:42:13-41
meta-data#apkplug_containerid
ADDED from src\main\AndroidManifest.xml:44:9-46:42
	android:value
		ADDED from src\main\AndroidManifest.xml:46:13-39
	android:name
		ADDED from src\main\AndroidManifest.xml:45:13-47
activity#org.apkplug.app.apkplugActivity
ADDED from src\main\AndroidManifest.xml:48:9-56:20
	android:configChanges
		ADDED from src\main\AndroidManifest.xml:50:13-63
	android:theme
		ADDED from src\main\AndroidManifest.xml:49:13-72
	android:name
		ADDED from src\main\AndroidManifest.xml:48:19-65
intent-filter#android.intent.action.MAIN
ADDED from src\main\AndroidManifest.xml:52:13-54:29
service#org.apkplug.app.apkplugService
ADDED from src\main\AndroidManifest.xml:63:9-68:19
	android:name
		ADDED from src\main\AndroidManifest.xml:63:18-63
intent-filter#com.example.servicedemoactivity.ServiceDemo
ADDED from src\main\AndroidManifest.xml:65:13-67:29
action#com.example.servicedemoactivity.ServiceDemo
ADDED from src\main\AndroidManifest.xml:66:17-85
	android:name
		ADDED from src\main\AndroidManifest.xml:66:25-83
uses-feature#android.hardware.bluetooth
ADDED from src\main\AndroidManifest.xml:83:3-86
	android:required
		ADDED from src\main\AndroidManifest.xml:83:59-83
	android:name
		ADDED from src\main\AndroidManifest.xml:83:17-58
uses-feature#android.hardware.location
ADDED from src\main\AndroidManifest.xml:84:3-85
	android:required
		ADDED from src\main\AndroidManifest.xml:84:58-82
	android:name
		ADDED from src\main\AndroidManifest.xml:84:17-57
uses-feature#android.hardware.location.gps
ADDED from src\main\AndroidManifest.xml:85:3-89
	android:required
		ADDED from src\main\AndroidManifest.xml:85:62-86
	android:name
		ADDED from src\main\AndroidManifest.xml:85:17-61
uses-feature#android.hardware.location.network
ADDED from src\main\AndroidManifest.xml:86:3-93
	android:required
		ADDED from src\main\AndroidManifest.xml:86:66-90
	android:name
		ADDED from src\main\AndroidManifest.xml:86:17-65
uses-feature#android.hardware.microphone
ADDED from src\main\AndroidManifest.xml:87:3-87
	android:required
		ADDED from src\main\AndroidManifest.xml:87:60-84
	android:name
		ADDED from src\main\AndroidManifest.xml:87:17-59
uses-feature#android.hardware.telephony
ADDED from src\main\AndroidManifest.xml:88:3-86
	android:required
		ADDED from src\main\AndroidManifest.xml:88:59-83
	android:name
		ADDED from src\main\AndroidManifest.xml:88:17-58
uses-feature#android.hardware.touchscreen
ADDED from src\main\AndroidManifest.xml:89:3-88
	android:required
		ADDED from src\main\AndroidManifest.xml:89:61-85
	android:name
		ADDED from src\main\AndroidManifest.xml:89:17-60
uses-feature#android.hardware.wifi
ADDED from src\main\AndroidManifest.xml:90:3-81
	android:required
		ADDED from src\main\AndroidManifest.xml:90:54-78
	android:name
		ADDED from src\main\AndroidManifest.xml:90:17-53
uses-permission#android.permission.ACCESS_COARSE_LOCATION
ADDED from src\main\AndroidManifest.xml:92:3-79
	android:name
		ADDED from src\main\AndroidManifest.xml:92:20-76
uses-permission#android.permission.CAMERA
ADDED from src\main\AndroidManifest.xml:94:3-63
	android:name
		ADDED from src\main\AndroidManifest.xml:94:20-60
uses-permission#android.permission.GET_TASKS
ADDED from src\main\AndroidManifest.xml:95:3-66
	android:name
		ADDED from src\main\AndroidManifest.xml:95:20-63
uses-permission#android.permission.MODIFY_AUDIO_SETTINGS
ADDED from src\main\AndroidManifest.xml:97:3-78
	android:name
		ADDED from src\main\AndroidManifest.xml:97:20-75
uses-permission#android.permission.RECEIVE_BOOT_COMPLETED
ADDED from src\main\AndroidManifest.xml:98:3-79
	android:name
		ADDED from src\main\AndroidManifest.xml:98:20-76
uses-permission#android.permission.RECORD_AUDIO
ADDED from src\main\AndroidManifest.xml:99:3-69
	android:name
		ADDED from src\main\AndroidManifest.xml:99:20-66
uses-permission#android.permission.READ_CONTACTS
ADDED from src\main\AndroidManifest.xml:100:3-70
	android:name
		ADDED from src\main\AndroidManifest.xml:100:20-67
uses-permission#android.permission.READ_SMS
ADDED from src\main\AndroidManifest.xml:101:3-65
	android:name
		ADDED from src\main\AndroidManifest.xml:101:20-62
uses-permission#android.permission.VIBRATE
ADDED from src\main\AndroidManifest.xml:102:3-64
	android:name
		ADDED from src\main\AndroidManifest.xml:102:20-61
uses-permission#android.permission.WAKE_LOCK
ADDED from src\main\AndroidManifest.xml:103:3-66
	android:name
		ADDED from src\main\AndroidManifest.xml:103:20-63
uses-permission#android.permission.WRITE_CONTACTS
ADDED from src\main\AndroidManifest.xml:104:3-71
	android:name
		ADDED from src\main\AndroidManifest.xml:104:20-68
uses-permission#android.permission.WRITE_SETTINGS
ADDED from src\main\AndroidManifest.xml:105:3-71
	android:name
		ADDED from src\main\AndroidManifest.xml:105:20-68
uses-permission#com.android.launcher.permission.INSTALL_SHORTCUT
ADDED from src\main\AndroidManifest.xml:106:3-86
	android:name
		ADDED from src\main\AndroidManifest.xml:106:20-83
uses-permission#com.android.launcher.permission.UNINSTALL_SHORTCUT
ADDED from src\main\AndroidManifest.xml:107:3-88
	android:name
		ADDED from src\main\AndroidManifest.xml:107:20-85
uses-permission#com.android.launcher.permission.READ_SETTINGS
ADDED from src\main\AndroidManifest.xml:108:3-83
	android:name
		ADDED from src\main\AndroidManifest.xml:108:20-80
uses-permission#com.tencent.mm.location.permission.SEND_VIEW
ADDED from src\main\AndroidManifest.xml:109:3-82
	android:name
		ADDED from src\main\AndroidManifest.xml:109:20-79
uses-permission#android.permission.BLUETOOTH
ADDED from src\main\AndroidManifest.xml:110:3-66
	android:name
		ADDED from src\main\AndroidManifest.xml:110:20-63
uses-permission#android.permission.BLUETOOTH_ADMIN
ADDED from src\main\AndroidManifest.xml:111:3-72
	android:name
		ADDED from src\main\AndroidManifest.xml:111:20-69
uses-permission#android.permission.BROADCAST_STICKY
ADDED from src\main\AndroidManifest.xml:112:3-73
	android:name
		ADDED from src\main\AndroidManifest.xml:112:20-70
uses-permission#android.permission.SYSTEM_ALERT_WINDOW
ADDED from src\main\AndroidManifest.xml:113:3-76
	android:name
		ADDED from src\main\AndroidManifest.xml:113:20-73
uses-permission#android.permission.CHANGE_WIFI_STATE
ADDED from src\main\AndroidManifest.xml:114:3-74
	android:name
		ADDED from src\main\AndroidManifest.xml:114:20-71
uses-permission#android.permission.GET_PACKAGE_SIZE
ADDED from src\main\AndroidManifest.xml:115:3-73
	android:name
		ADDED from src\main\AndroidManifest.xml:115:20-70
uses-permission#android.permission.ACCESS_WIFI_STATE
ADDED from src\main\AndroidManifest.xml:119:4-75
	android:name
		ADDED from src\main\AndroidManifest.xml:119:21-72
uses-permission#android.permission.GET_ACCOUNTS
ADDED from src\main\AndroidManifest.xml:121:3-69
	android:name
		ADDED from src\main\AndroidManifest.xml:121:20-66
uses-permission#android.permission.MANAGE_ACCOUNTS
ADDED from src\main\AndroidManifest.xml:122:3-72
	android:name
		ADDED from src\main\AndroidManifest.xml:122:20-69
uses-permission#android.permission.AUTHENTICATE_ACCOUNTS
ADDED from src\main\AndroidManifest.xml:123:3-78
	android:name
		ADDED from src\main\AndroidManifest.xml:123:20-75
uses-permission#android.permission.READ_SYNC_SETTINGS
ADDED from src\main\AndroidManifest.xml:124:3-75
	android:name
		ADDED from src\main\AndroidManifest.xml:124:20-72
uses-permission#android.permission.WRITE_SYNC_SETTINGS
ADDED from src\main\AndroidManifest.xml:125:3-76
	android:name
		ADDED from src\main\AndroidManifest.xml:125:20-73
uses-permission#android.permission.READ_PROFILE
ADDED from src\main\AndroidManifest.xml:126:3-69
	android:name
		ADDED from src\main\AndroidManifest.xml:126:20-66
uses-feature#android.hardware.bluetooth_le
ADDED from src\main\AndroidManifest.xml:127:3-89
	android:required
		ADDED from src\main\AndroidManifest.xml:127:62-86
	android:name
		ADDED from src\main\AndroidManifest.xml:127:17-61
uses-permission#com.tencent.mm.ext.permission.READ
ADDED from src\main\AndroidManifest.xml:128:3-72
	android:name
		ADDED from src\main\AndroidManifest.xml:128:20-69
uses-permission#com.tencent.mm.ext.permission.WRITE
ADDED from src\main\AndroidManifest.xml:129:3-73
	android:name
		ADDED from src\main\AndroidManifest.xml:129:20-70
uses-permission#com.google.android.c2dm.permission.RECEIVE
ADDED from src\main\AndroidManifest.xml:130:3-80
	android:name
		ADDED from src\main\AndroidManifest.xml:130:20-77
uses-permission#com.tencent.mm.permission.C2D_MESSAGE
ADDED from src\main\AndroidManifest.xml:131:3-75
	android:name
		ADDED from src\main\AndroidManifest.xml:131:20-72
uses-permission#com.android.vending.BILLING
ADDED from src\main\AndroidManifest.xml:132:3-65
	android:name
		ADDED from src\main\AndroidManifest.xml:132:20-62
uses-feature#android.hardware.camera
ADDED from src\main\AndroidManifest.xml:137:3-58
	android:name
		ADDED from src\main\AndroidManifest.xml:137:17-55
uses-feature#android.hardware.camera.autofocus
ADDED from src\main\AndroidManifest.xml:138:3-68
	android:name
		ADDED from src\main\AndroidManifest.xml:138:17-65
uses-permission#android.permission.SET_WALLPAPER
ADDED from src\main\AndroidManifest.xml:141:5-72
	android:name
		ADDED from src\main\AndroidManifest.xml:141:22-69